<?xml version="1.0" encoding="UTF-8"?>
<testsuite xmlns:xsi="http://www.w3.org/2001/XMLSchema-instance" xsi:noNamespaceSchemaLocation="https://maven.apache.org/surefire/maven-surefire-plugin/xsd/surefire-test-report-3.0.xsd" version="3.0" name="com.mediatheque.AppTest" time="0.013" tests="1" errors="0" skipped="0" failures="0">
  <properties>
    <property name="java.specification.version" value="17"/>
    <property name="sun.cpu.isalist" value="amd64"/>
    <property name="sun.jnu.encoding" value="Cp1252"/>
    <property name="java.class.path" value="C:\CONTROLER_TODAY\mediatheque-parent\mediatheque-ejb\target\test-classes;C:\CONTROLER_TODAY\mediatheque-parent\mediatheque-ejb\target\classes;C:\Users\Ismail\.m2\repository\junit\junit\3.8.1\junit-3.8.1.jar;"/>
    <property name="java.vm.vendor" value="Oracle Corporation"/>
    <property name="sun.arch.data.model" value="64"/>
    <property name="user.variant" value=""/>
    <property name="java.vendor.url" value="https://java.oracle.com/"/>
    <property name="user.timezone" value="Europe/Paris"/>
    <property name="os.name" value="Windows 11"/>
    <property name="java.vm.specification.version" value="17"/>
    <property name="sun.java.launcher" value="SUN_STANDARD"/>
    <property name="user.country" value="FR"/>
    <property name="sun.boot.library.path" value="C:\jdk-17.0.13\bin"/>
    <property name="sun.java.command" value="C:\Users\Ismail\AppData\Local\Temp\surefire11144612495107216876\surefirebooter-20241025104800942_3.jar C:\Users\Ismail\AppData\Local\Temp\surefire11144612495107216876 2024-10-25T10-48-00_703-jvmRun1 surefire-20241025104800942_1tmp surefire_0-20241025104800942_2tmp"/>
    <property name="jdk.debug" value="release"/>
    <property name="surefire.test.class.path" value="C:\CONTROLER_TODAY\mediatheque-parent\mediatheque-ejb\target\test-classes;C:\CONTROLER_TODAY\mediatheque-parent\mediatheque-ejb\target\classes;C:\Users\Ismail\.m2\repository\junit\junit\3.8.1\junit-3.8.1.jar;"/>
    <property name="sun.cpu.endian" value="little"/>
    <property name="user.home" value="C:\Users\Ismail"/>
    <property name="user.language" value="fr"/>
    <property name="java.specification.vendor" value="Oracle Corporation"/>
    <property name="java.version.date" value="2024-10-15"/>
    <property name="java.home" value="C:\jdk-17.0.13"/>
    <property name="file.separator" value="\"/>
    <property name="basedir" value="C:\CONTROLER_TODAY\mediatheque-parent\mediatheque-ejb"/>
    <property name="java.vm.compressedOopsMode" value="32-bit"/>
    <property name="line.separator" value="&#10;"/>
    <property name="java.vm.specification.vendor" value="Oracle Corporation"/>
    <property name="java.specification.name" value="Java Platform API Specification"/>
    <property name="surefire.real.class.path" value="C:\Users\Ismail\AppData\Local\Temp\surefire11144612495107216876\surefirebooter-20241025104800942_3.jar"/>
    <property name="user.script" value=""/>
    <property name="sun.management.compiler" value="HotSpot 64-Bit Tiered Compilers"/>
    <property name="java.runtime.version" value="17.0.13+10-LTS-268"/>
    <property name="user.name" value="Ismail"/>
    <property name="path.separator" value=";"/>
    <property name="os.version" value="10.0"/>
    <property name="java.runtime.name" value="Java(TM) SE Runtime Environment"/>
    <property name="file.encoding" value="Cp1252"/>
    <property name="java.vm.name" value="Java HotSpot(TM) 64-Bit Server VM"/>
    <property name="localRepository" value="C:\Users\Ismail\.m2\repository"/>
    <property name="java.vendor.url.bug" value="https://bugreport.java.com/bugreport/"/>
    <property name="java.io.tmpdir" value="C:\Users\Ismail\AppData\Local\Temp\"/>
    <property name="java.version" value="17.0.13"/>
    <property name="user.dir" value="C:\CONTROLER_TODAY\mediatheque-parent\mediatheque-ejb"/>
    <property name="os.arch" value="amd64"/>
    <property name="java.vm.specification.name" value="Java Virtual Machine Specification"/>
    <property name="sun.os.patch.level" value=""/>
    <property name="native.encoding" value="Cp1252"/>
    <property name="java.library.path" value="C:\jdk-17.0.13\bin;C:\windows\Sun\Java\bin;C:\windows\system32;C:\windows;C:\app\Ismail\product\21c\dbhomeXE\bin;C:\windows\system32;C:\windows;C:\windows\System32\Wbem;C:\windows\System32\WindowsPowerShell\v1.0\;C:\windows\System32\OpenSSH\;C:\php-8.3.9;C:\ProgramData\ComposerSetup\bin;C:\Program Files\Git\cmd;C:\Program Files\Docker\Docker\resources\bin;C:\Program Files\nodejs\;C:\Program Files\heroku\bin;C:\Program Files\heroku\bin;C:\Program Files\Heroku\bin;C:\apache-maven-3.9.9\bin;C:\apache-maven-3.9.9;C:\jdk-17.0.13\bin;C:\Users\Ismail\AppData\Local\Microsoft\WindowsApps;C:\Users\Ismail\AppData\Local\Programs\Microsoft VS Code\bin;C:\Users\Ismail\AppData\Roaming\Composer\vendor\bin;C:\Users\Ismail\AppData\Local\GitHubDesktop\bin;C:\Users\Ismail\AppData\Roaming\npm;C:\Program Files\heroku\bin;."/>
    <property name="java.vm.info" value="mixed mode, sharing"/>
    <property name="java.vendor" value="Oracle Corporation"/>
    <property name="java.vm.version" value="17.0.13+10-LTS-268"/>
    <property name="java.specification.maintenance.version" value="1"/>
    <property name="sun.io.unicode.encoding" value="UnicodeLittle"/>
    <property name="java.class.version" value="61.0"/>
  </properties>
  <testcase name="testApp" classname="com.mediatheque.AppTest" time="0.004"/>
</testsuite>